<?xml version="1.0" encoding="UTF-8"?>
<testsuite name="application.orders.OrderApplicationServiceTest" tests="7" skipped="0" failures="0" errors="0" timestamp="2020-01-19T18:03:46" hostname="Pawels-MacBook-Pro.local" time="0.42">
  <properties/>
  <testcase name="Should create new Order" classname="application.orders.OrderApplicationServiceTest" time="0.345"/>
  <testcase name="should throw exception when try to add Product to Order with not exists" classname="application.orders.OrderApplicationServiceTest" time="0.042"/>
  <testcase name="should add product to Order" classname="application.orders.OrderApplicationServiceTest" time="0.006"/>
  <testcase name="For user type: ORDINARY" classname="application.orders.OrderApplicationServiceTest" time="0.012"/>
  <testcase name="For user type: PREMIUM" classname="application.orders.OrderApplicationServiceTest" time="0.001"/>
  <testcase name="AddDeliveryAddress" classname="application.orders.OrderApplicationServiceTest" time="0.005"/>
  <testcase name="CompleteOrderProcess" classname="application.orders.OrderApplicationServiceTest" time="0.004"/>
  <system-out><![CDATA[19:03:46.654 [Test worker] INFO  domain.orders.OrdinaryUserDiscount - Ordinary discount
19:03:46.659 [Test worker] INFO  domain.orders.Order - Price after discount: 100
19:03:46.662 [Test worker] INFO  domain.orders.Order - Price after discount: 80
]]></system-out>
  <system-err><![CDATA[]]></system-err>
</testsuite>
