<?xml version="1.0" encoding="UTF-8"?>
<testsuite name="application.orders.OrderApplicationServiceTest" tests="7" skipped="0" failures="0" errors="0" timestamp="2020-01-19T16:18:16" hostname="Pawels-MacBook-Pro.local" time="0.405">
  <properties/>
  <testcase name="Should create new Order" classname="application.orders.OrderApplicationServiceTest" time="0.324"/>
  <testcase name="should throw exception when try to add Product to Order with not exists" classname="application.orders.OrderApplicationServiceTest" time="0.047"/>
  <testcase name="should add product to Order" classname="application.orders.OrderApplicationServiceTest" time="0.006"/>
  <testcase name="For user type: ORDINARY" classname="application.orders.OrderApplicationServiceTest" time="0.013"/>
  <testcase name="For user type: PREMIUM" classname="application.orders.OrderApplicationServiceTest" time="0.002"/>
  <testcase name="AddDeliveryAddress" classname="application.orders.OrderApplicationServiceTest" time="0.005"/>
  <testcase name="CompleteOrderProcess" classname="application.orders.OrderApplicationServiceTest" time="0.003"/>
  <system-out><![CDATA[17:18:16.968 [Test worker] INFO  domain.orders.OrdinaryUserDiscount - Ordinary discount
17:18:16.974 [Test worker] INFO  domain.orders.Order - Price after discount: 100
17:18:16.977 [Test worker] INFO  domain.orders.Order - Price after discount: 80
]]></system-out>
  <system-err><![CDATA[]]></system-err>
</testsuite>
